<?xml version="1.0" encoding="UTF-8"?>
<!-- Generated by org.testng.reporters.JUnitXMLReporter -->
<testsuite ignored="0" hostname="IN-2XLTZD3" failures="2" tests="7" name="Surefire test" time="206.726" errors="0" timestamp="14 Nov 2022 15:24:36 GMT">
  <testcase classname="cucumber.api.testng.AbstractTestNGCucumberTests" name="feature" time="32.438">
    <failure type="cucumber.runtime.CucumberException" message="java.lang.AssertionError: expected [Custom Views] but found [Custom View]">
      <![CDATA[cucumber.runtime.CucumberException: java.lang.AssertionError: expected [Custom Views] but found [Custom View]
	at cucumber.api.testng.TestNGCucumberRunner.runCucumber(TestNGCucumberRunner.java:69)
	at cucumber.api.testng.AbstractTestNGCucumberTests.feature(AbstractTestNGCucumberTests.java:21)
Caused by: java.lang.AssertionError: expected [Custom Views] but found [Custom View]
	at StepDefinitions.AccessibilityStep.verify_user_is_able_to_click_on_CustomViewer(AccessibilityStep.java:36)
	at ✽.Then Verify user is able to click on CustomViewer(Accessibility.feature:6)
... Removed 36 stack frames]]>
    </failure>
  </testcase> <!-- feature -->
  <testcase classname="cucumber.api.testng.AbstractTestNGCucumberTests" name="feature" time="28.48">
    <failure type="cucumber.runtime.CucumberException" message="java.lang.AssertionError: expected [Animation] but found [PLAY]">
      <![CDATA[cucumber.runtime.CucumberException: java.lang.AssertionError: expected [Animation] but found [PLAY]
	at cucumber.api.testng.TestNGCucumberRunner.runCucumber(TestNGCucumberRunner.java:69)
	at cucumber.api.testng.AbstractTestNGCucumberTests.feature(AbstractTestNGCucumberTests.java:21)
Caused by: java.lang.AssertionError: expected [Animation] but found [PLAY]
	at StepDefinitions.AnimationStep.click_on_the_Play(AnimationStep.java:36)
	at ✽.Then click on the Play(Animation.feature:7)
... Removed 36 stack frames]]>
    </failure>
  </testcase> <!-- feature -->
  <testcase classname="cucumber.api.testng.AbstractTestNGCucumberTests" name="feature" time="28.582"/>
  <testcase classname="cucumber.api.testng.AbstractTestNGCucumberTests" name="feature" time="29.389"/>
  <testcase classname="cucumber.api.testng.AbstractTestNGCucumberTests" name="feature" time="27.662"/>
  <testcase classname="cucumber.api.testng.AbstractTestNGCucumberTests" name="feature" time="30.201"/>
  <testcase classname="cucumber.api.testng.AbstractTestNGCucumberTests" name="feature" time="29.331"/>
</testsuite> <!-- Surefire test -->
